0 verbose cli /usr/local/bin/node /usr/local/bin/npm
1 info using npm@10.8.2
2 info using node@v20.19.5
3 silly config load:file:/usr/local/lib/node_modules/npm/npmrc
4 silly config load:file:/data/.npmrc
5 silly config load:file:/usr/src/node-red/.npmrc
6 silly config load:file:/usr/local/etc/npmrc
7 verbose title npm install node-red-contrib-mysql-config@1.0.4
8 verbose argv "install" "--no-audit" "--no-update-notifier" "--no-fund" "--save" "--save-prefix" "~" "--omit" "dev" "--engine-strict" "node-red-contrib-mysql-config@1.0.4"
9 verbose logfile logs-max:10 dir:/data/.npm/_logs/2025-10-31T11_29_25_379Z-
10 verbose logfile /data/.npm/_logs/2025-10-31T11_29_25_379Z-debug-0.log
11 silly packumentCache heap:1939603456 maxSize:484900864 maxEntrySize:242450432
12 silly logfile done cleaning log files
13 silly idealTree buildDeps
14 silly fetch manifest node-red-contrib-mysql-config@1.0.4
15 silly packumentCache full:https://registry.npmjs.org/node-red-contrib-mysql-config cache-miss
16 http fetch GET 200 https://registry.npmjs.org/node-red-contrib-mysql-config 1199ms (cache miss)
17 silly packumentCache full:https://registry.npmjs.org/node-red-contrib-mysql-config set size:undefined disposed:false
18 silly placeDep ROOT node-red-contrib-mysql-config@1.0.4 OK for: node-red-project@0.0.1 want: 1.0.4
19 silly fetch manifest mysql2@2.2.5
20 silly packumentCache full:https://registry.npmjs.org/mysql2 cache-miss
21 http fetch GET 200 https://registry.npmjs.org/mysql2 226ms (cache miss)
22 silly packumentCache full:https://registry.npmjs.org/mysql2 set size:undefined disposed:false
23 silly placeDep ROOT mysql2@2.2.5 OK for: node-red-contrib-mysql-config@1.0.4 want: 2.2.5
24 silly fetch manifest long@^4.0.0
25 silly packumentCache full:https://registry.npmjs.org/long cache-miss
26 silly fetch manifest denque@^1.4.1
27 silly packumentCache full:https://registry.npmjs.org/denque cache-miss
28 silly fetch manifest lru-cache@^6.0.0
29 silly packumentCache full:https://registry.npmjs.org/lru-cache cache-miss
30 silly fetch manifest seq-queue@^0.0.5
31 silly packumentCache full:https://registry.npmjs.org/seq-queue cache-miss
32 silly fetch manifest sqlstring@^2.3.2
33 silly packumentCache full:https://registry.npmjs.org/sqlstring cache-miss
34 silly fetch manifest iconv-lite@^0.6.2
35 silly packumentCache full:https://registry.npmjs.org/iconv-lite cache-miss
36 silly fetch manifest generate-function@^2.3.1
37 silly packumentCache full:https://registry.npmjs.org/generate-function cache-miss
38 silly fetch manifest named-placeholders@^1.1.2
39 silly packumentCache full:https://registry.npmjs.org/named-placeholders cache-miss
40 http fetch GET 200 https://registry.npmjs.org/long 191ms (cache miss)
41 silly packumentCache full:https://registry.npmjs.org/long set size:undefined disposed:false
42 http fetch GET 200 https://registry.npmjs.org/seq-queue 462ms (cache miss)
43 silly packumentCache full:https://registry.npmjs.org/seq-queue set size:undefined disposed:false
44 http fetch GET 200 https://registry.npmjs.org/named-placeholders 461ms (cache miss)
45 silly packumentCache full:https://registry.npmjs.org/named-placeholders set size:undefined disposed:false
46 http fetch GET 200 https://registry.npmjs.org/sqlstring 466ms (cache miss)
47 silly packumentCache full:https://registry.npmjs.org/sqlstring set size:undefined disposed:false
48 http fetch GET 200 https://registry.npmjs.org/generate-function 469ms (cache miss)
49 silly packumentCache full:https://registry.npmjs.org/generate-function set size:undefined disposed:false
50 http fetch GET 200 https://registry.npmjs.org/denque 478ms (cache miss)
51 silly packumentCache full:https://registry.npmjs.org/denque set size:undefined disposed:false
52 http fetch GET 200 https://registry.npmjs.org/iconv-lite 479ms (cache miss)
53 silly packumentCache full:https://registry.npmjs.org/iconv-lite set size:undefined disposed:false
54 http fetch GET 200 https://registry.npmjs.org/lru-cache 521ms (cache miss)
55 silly packumentCache full:https://registry.npmjs.org/lru-cache set size:undefined disposed:false
56 silly placeDep ROOT denque@1.5.1 OK for: mysql2@2.2.5 want: ^1.4.1
57 silly placeDep ROOT generate-function@2.3.1 OK for: mysql2@2.2.5 want: ^2.3.1
58 silly placeDep ROOT iconv-lite@0.6.3 OK for: mysql2@2.2.5 want: ^0.6.2
59 silly placeDep ROOT long@4.0.0 OK for: mysql2@2.2.5 want: ^4.0.0
60 silly placeDep ROOT lru-cache@6.0.0 OK for: mysql2@2.2.5 want: ^6.0.0
61 silly placeDep ROOT named-placeholders@1.1.3 OK for: mysql2@2.2.5 want: ^1.1.2
62 silly placeDep ROOT seq-queue@0.0.5 OK for: mysql2@2.2.5 want: ^0.0.5
63 silly placeDep ROOT sqlstring@2.3.3 OK for: mysql2@2.2.5 want: ^2.3.2
64 silly fetch manifest is-property@^1.0.2
65 silly packumentCache full:https://registry.npmjs.org/is-property cache-miss
66 silly fetch manifest safer-buffer@>= 2.1.2 < 3.0.0
67 silly packumentCache full:https://registry.npmjs.org/safer-buffer cache-miss
68 silly fetch manifest yallist@^4.0.0
69 silly packumentCache full:https://registry.npmjs.org/yallist cache-miss
70 silly fetch manifest lru-cache@^7.14.1
71 silly packumentCache full:https://registry.npmjs.org/lru-cache cache-miss
72 http fetch GET 200 https://registry.npmjs.org/lru-cache 45ms (cache hit)
73 silly packumentCache full:https://registry.npmjs.org/lru-cache set size:400387 disposed:false
74 http fetch GET 200 https://registry.npmjs.org/yallist 202ms (cache miss)
75 silly packumentCache full:https://registry.npmjs.org/yallist set size:undefined disposed:false
76 http fetch GET 200 https://registry.npmjs.org/is-property 206ms (cache miss)
77 silly packumentCache full:https://registry.npmjs.org/is-property set size:undefined disposed:false
78 http fetch GET 200 https://registry.npmjs.org/safer-buffer 207ms (cache miss)
79 silly packumentCache full:https://registry.npmjs.org/safer-buffer set size:undefined disposed:false
80 silly placeDep ROOT is-property@1.0.2 OK for: generate-function@2.3.1 want: ^1.0.2
81 silly placeDep ROOT safer-buffer@2.1.2 OK for: iconv-lite@0.6.3 want: >= 2.1.2 < 3.0.0
82 silly placeDep ROOT yallist@4.0.0 OK for: lru-cache@6.0.0 want: ^4.0.0
83 silly placeDep node_modules/named-placeholders lru-cache@7.18.3 OK for: named-placeholders@1.1.3 want: ^7.14.1
84 silly reify moves {}
85 silly tarball no local data for is-property@https://registry.npmjs.org/is-property/-/is-property-1.0.2.tgz. Extracting by manifest.
86 silly tarball no local data for safer-buffer@https://registry.npmjs.org/safer-buffer/-/safer-buffer-2.1.2.tgz. Extracting by manifest.
87 silly tarball no local data for yallist@https://registry.npmjs.org/yallist/-/yallist-4.0.0.tgz. Extracting by manifest.
88 silly tarball no local data for named-placeholders@https://registry.npmjs.org/named-placeholders/-/named-placeholders-1.1.3.tgz. Extracting by manifest.
89 silly tarball no local data for sqlstring@https://registry.npmjs.org/sqlstring/-/sqlstring-2.3.3.tgz. Extracting by manifest.
90 silly tarball no local data for seq-queue@https://registry.npmjs.org/seq-queue/-/seq-queue-0.0.5.tgz. Extracting by manifest.
91 silly tarball no local data for lru-cache@https://registry.npmjs.org/lru-cache/-/lru-cache-6.0.0.tgz. Extracting by manifest.
92 silly tarball no local data for iconv-lite@https://registry.npmjs.org/iconv-lite/-/iconv-lite-0.6.3.tgz. Extracting by manifest.
93 silly tarball no local data for long@https://registry.npmjs.org/long/-/long-4.0.0.tgz. Extracting by manifest.
94 silly tarball no local data for generate-function@https://registry.npmjs.org/generate-function/-/generate-function-2.3.1.tgz. Extracting by manifest.
95 silly tarball no local data for mysql2@https://registry.npmjs.org/mysql2/-/mysql2-2.2.5.tgz. Extracting by manifest.
96 silly tarball no local data for denque@https://registry.npmjs.org/denque/-/denque-1.5.1.tgz. Extracting by manifest.
97 silly tarball no local data for node-red-contrib-mysql-config@https://registry.npmjs.org/node-red-contrib-mysql-config/-/node-red-contrib-mysql-config-1.0.4.tgz. Extracting by manifest.
98 silly tarball no local data for lru-cache@https://registry.npmjs.org/lru-cache/-/lru-cache-7.18.3.tgz. Extracting by manifest.
99 http fetch GET 200 https://registry.npmjs.org/lru-cache/-/lru-cache-6.0.0.tgz 383ms (cache miss)
100 http fetch GET 200 https://registry.npmjs.org/is-property/-/is-property-1.0.2.tgz 398ms (cache miss)
101 http fetch GET 200 https://registry.npmjs.org/named-placeholders/-/named-placeholders-1.1.3.tgz 397ms (cache miss)
102 http fetch GET 200 https://registry.npmjs.org/seq-queue/-/seq-queue-0.0.5.tgz 397ms (cache miss)
103 http fetch GET 200 https://registry.npmjs.org/sqlstring/-/sqlstring-2.3.3.tgz 405ms (cache miss)
104 http fetch GET 200 https://registry.npmjs.org/yallist/-/yallist-4.0.0.tgz 422ms (cache miss)
105 http fetch GET 200 https://registry.npmjs.org/safer-buffer/-/safer-buffer-2.1.2.tgz 455ms (cache miss)
106 http fetch GET 200 https://registry.npmjs.org/denque/-/denque-1.5.1.tgz 557ms (cache miss)
107 http fetch GET 200 https://registry.npmjs.org/generate-function/-/generate-function-2.3.1.tgz 626ms (cache miss)
108 http fetch GET 200 https://registry.npmjs.org/lru-cache/-/lru-cache-7.18.3.tgz 654ms (cache miss)
109 http fetch GET 200 https://registry.npmjs.org/long/-/long-4.0.0.tgz 693ms (cache miss)
110 http fetch GET 200 https://registry.npmjs.org/node-red-contrib-mysql-config/-/node-red-contrib-mysql-config-1.0.4.tgz 715ms (cache miss)
111 http fetch GET 200 https://registry.npmjs.org/iconv-lite/-/iconv-lite-0.6.3.tgz 781ms (cache miss)
112 http fetch GET 200 https://registry.npmjs.org/mysql2/-/mysql2-2.2.5.tgz 1075ms (cache miss)
113 silly ADD node_modules/yallist
114 silly ADD node_modules/safer-buffer
115 silly ADD node_modules/is-property
116 silly ADD node_modules/sqlstring
117 silly ADD node_modules/seq-queue
118 silly ADD node_modules/named-placeholders
119 silly ADD node_modules/named-placeholders/node_modules/lru-cache
120 silly ADD node_modules/lru-cache
121 silly ADD node_modules/long
122 silly ADD node_modules/iconv-lite
123 silly ADD node_modules/generate-function
124 silly ADD node_modules/denque
125 silly ADD node_modules/mysql2
126 silly ADD node_modules/node-red-contrib-mysql-config
127 verbose cwd /data
128 verbose os Linux 6.6.87.2-microsoft-standard-WSL2
129 verbose node v20.19.5
130 verbose npm  v10.8.2
131 verbose exit 0
132 info ok
