0 verbose cli /usr/local/bin/node /usr/local/bin/npm
1 info using npm@10.8.2
2 info using node@v20.19.5
3 silly config load:file:/usr/local/lib/node_modules/npm/npmrc
4 silly config load:file:/data/.npmrc
5 silly config load:file:/usr/src/node-red/.npmrc
6 silly config load:file:/usr/local/etc/npmrc
7 verbose title npm install node-red-contrib-bcrypt@0.1.6
8 verbose argv "install" "--no-audit" "--no-update-notifier" "--no-fund" "--save" "--save-prefix" "~" "--omit" "dev" "--engine-strict" "node-red-contrib-bcrypt@0.1.6"
9 verbose logfile logs-max:10 dir:/data/.npm/_logs/2025-10-31T11_32_18_994Z-
10 verbose logfile /data/.npm/_logs/2025-10-31T11_32_18_994Z-debug-0.log
11 silly packumentCache heap:1939603456 maxSize:484900864 maxEntrySize:242450432
12 silly logfile done cleaning log files
13 silly idealTree buildDeps
14 silly fetch manifest node-red-contrib-bcrypt@0.1.6
15 silly packumentCache full:https://registry.npmjs.org/node-red-contrib-bcrypt cache-miss
16 http fetch GET https://registry.npmjs.org/node-red-contrib-bcrypt attempt 1 failed with EAI_AGAIN
17 http fetch GET 200 https://registry.npmjs.org/node-red-contrib-bcrypt 16140ms attempt #2 (cache miss)
18 silly packumentCache full:https://registry.npmjs.org/node-red-contrib-bcrypt set size:undefined disposed:false
19 silly placeDep ROOT node-red-contrib-bcrypt@0.1.6 OK for: node-red-project@0.0.1 want: 0.1.6
20 silly fetch manifest bcryptjs@^2.4.3
21 silly packumentCache full:https://registry.npmjs.org/bcryptjs cache-miss
22 http fetch GET 200 https://registry.npmjs.org/bcryptjs 208ms (cache miss)
23 silly packumentCache full:https://registry.npmjs.org/bcryptjs set size:undefined disposed:false
24 silly placeDep ROOT bcryptjs@2.4.3 OK for: node-red-contrib-bcrypt@0.1.6 want: ^2.4.3
25 silly reify moves {}
26 silly tarball no local data for node-red-contrib-bcrypt@https://registry.npmjs.org/node-red-contrib-bcrypt/-/node-red-contrib-bcrypt-0.1.6.tgz. Extracting by manifest.
27 silly tarball no local data for bcryptjs@https://registry.npmjs.org/bcryptjs/-/bcryptjs-2.4.3.tgz. Extracting by manifest.
28 http fetch GET 200 https://registry.npmjs.org/bcryptjs/-/bcryptjs-2.4.3.tgz 323ms (cache miss)
29 http fetch GET 200 https://registry.npmjs.org/node-red-contrib-bcrypt/-/node-red-contrib-bcrypt-0.1.6.tgz 558ms (cache miss)
30 silly ADD node_modules/bcryptjs
31 silly ADD node_modules/node-red-contrib-bcrypt
32 verbose cwd /data
33 verbose os Linux 6.6.87.2-microsoft-standard-WSL2
34 verbose node v20.19.5
35 verbose npm  v10.8.2
36 verbose exit 0
37 info ok
